{"level":"info","message":"Default admin user created."}
{"level":"warn","message":"Failed login attempt for username: sdgafg"}
{"level":"info","message":"User admin logged in successfully."}
{"level":"info","message":"User admin logged in successfully."}
{"level":"info","message":"User admin logged in successfully."}
{"level":"info","message":"User admin logged in successfully."}
{"level":"info","message":"User admin logged in successfully."}
{"level":"info","message":"User admin logged in successfully."}
{"level":"info","message":"User admin logged out successfully."}
{"level":"info","message":"User admin logged in successfully."}
{"level":"info","message":"User admin logged out successfully."}
{"level":"info","message":"User admin logged in successfully."}
{"level":"info","message":"User admin logged out successfully."}
{"level":"info","message":"User admin logged in successfully."}
{"level":"info","message":"User admin logged in successfully."}
{"level":"info","message":"User admin logged in successfully."}
{"level":"info","message":"User admin logged in successfully."}
{"beforeHandshake":false,"cause":{"code":"ECONNRESET","errno":-4077,"syscall":"read"},"connectionGeneration":15,"errorLabelSet":{},"level":"error","message":"Error during login for username: admin read ECONNRESET","stack":"MongoNetworkError: read ECONNRESET\n    at Connection.onSocketError (C:\\MERN_FINAL_PROJECT\\school-management-system\\node_modules\\mongodb\\lib\\cmap\\connection.js:110:22)\n    at TLSSocket.emit (node:events:530:35)\n    at emitErrorNT (node:internal/streams/destroy:170:8)\n    at emitErrorCloseNT (node:internal/streams/destroy:129:3)\n    at process.processTicksAndRejections (node:internal/process/task_queues:90:21)"}
{"address":"ac-j6mgkky-shard-00-02.2gw00v7.mongodb.net:27017","beforeHandshake":false,"cause":{"beforeHandshake":false,"errorLabelSet":{}},"errorLabelSet":{},"level":"error","message":"Error during login for username: admin Connection pool for ac-j6mgkky-shard-00-02.2gw00v7.mongodb.net:27017 was cleared because another operation failed with: \"connection <monitor> to 159.41.196.172:27017 closed\"","stack":"MongoPoolClearedError: Connection pool for ac-j6mgkky-shard-00-02.2gw00v7.mongodb.net:27017 was cleared because another operation failed with: \"connection <monitor> to 159.41.196.172:27017 closed\"\n    at C:\\MERN_FINAL_PROJECT\\school-management-system\\node_modules\\mongodb\\lib\\cmap\\connection_pool.js:366:77\n    at process.processTicksAndRejections (node:internal/process/task_queues:105:5)"}
{"level":"info","message":"User admin logged in successfully."}
{"level":"info","message":"User admin logged in successfully."}
{"level":"info","message":"User admin logged in successfully."}
{"level":"info","message":"User admin logged in successfully."}
{"level":"info","message":"User admin logged in successfully."}
{"level":"warn","message":"Failed login attempt for username: admin"}
{"level":"info","message":"User admin logged in successfully."}
{"level":"info","message":"User admin logged in successfully."}
{"level":"info","message":"User admin logged in successfully as Admin."}
{"level":"info","message":"User admin logged in successfully as Admin."}
{"level":"info","message":"User undefined logged out successfully."}
{"level":"info","message":"User Unknown logged out successfully."}
{"level":"info","message":"User Test Staff logged in successfully as Staff."}
{"level":"info","message":"User Test Staff logged in successfully as Staff."}
{"level":"info","message":"User Test Staff logged in successfully as Staff."}
{"level":"info","message":"User Test Staff logged in successfully as Staff."}
{"level":"info","message":"User undefined logged out successfully."}
{"level":"info","message":"User Test Staff logged in successfully as Staff."}
{"level":"info","message":"User admin logged in successfully as admin."}
{"level":"info","message":"User undefined logged out successfully."}
{"level":"warn","message":"Failed login attempt for identifier: sunilpradhan@gmail.com"}
{"level":"warn","message":"Failed login attempt for identifier: sunilpradhan@gmail.com"}
{"level":"info","message":"User admin logged in successfully as admin."}
{"level":"info","message":"Default admin user created."}
{"level":"info","message":"User admin logged in successfully as admin."}
{"level":"info","message":"User admin logged in successfully as admin."}
{"level":"info","message":"User admin logged in successfully as admin."}
{"level":"info","message":"User undefined logged out successfully."}
{"level":"info","message":"User ashuchhaba001@gmail.com logged in successfully as staff."}
{"level":"info","message":"User undefined logged out successfully."}
{"level":"warn","message":"Failed login attempt for identifier: ashuchhaba001@gmail.com"}
{"level":"warn","message":"Role mismatch for user ashuchhaba001@gmail.com. Expected Admin, found staff"}
{"level":"warn","message":"Role mismatch for user ashuchhaba001@gmail.com. Expected Admin, found staff"}
{"level":"info","message":"User ashuchhaba001@gmail.com logged in successfully as staff."}
{"level":"info","message":"User undefined logged out successfully."}
{"level":"info","message":"User admin logged in successfully as admin."}
{"level":"info","message":"User admin logged in successfully as admin."}
{"level":"info","message":"User admin logged in successfully as admin."}
{"code":11000,"errorLabelSet":{},"errorResponse":{"code":11000,"errmsg":"E11000 duplicate key error collection: test.staffs index: mobile_no_1 dup key: { mobile_no: \"9845748574\" }","index":0,"keyPattern":{"mobile_no":1},"keyValue":{"mobile_no":"9845748574"}},"index":0,"keyPattern":{"mobile_no":1},"keyValue":{"mobile_no":"9845748574"},"level":"error","message":"Error creating staff: E11000 duplicate key error collection: test.staffs index: mobile_no_1 dup key: { mobile_no: \"9845748574\" }","stack":"MongoServerError: E11000 duplicate key error collection: test.staffs index: mobile_no_1 dup key: { mobile_no: \"9845748574\" }\n    at InsertOneOperation.handleOk (C:\\MERN_FINAL_PROJECT\\school-management-system\\node_modules\\mongodb\\lib\\operations\\insert.js:51:19)\n    at tryOperation (C:\\MERN_FINAL_PROJECT\\school-management-system\\node_modules\\mongodb\\lib\\operations\\execute_operation.js:214:34)\n    at process.processTicksAndRejections (node:internal/process/task_queues:105:5)\n    at async executeOperation (C:\\MERN_FINAL_PROJECT\\school-management-system\\node_modules\\mongodb\\lib\\operations\\execute_operation.js:78:16)\n    at async Collection.insertOne (C:\\MERN_FINAL_PROJECT\\school-management-system\\node_modules\\mongodb\\lib\\collection.js:154:16)"}
{"level":"info","message":"User undefined logged out successfully."}
{"level":"info","message":"User ashuchhaba001@gmail.com logged in successfully as staff."}
{"level":"info","message":"User undefined logged out successfully."}
{"level":"info","message":"User ashuchhaba001@gmail.com logged in successfully as staff."}
{"level":"info","message":"User undefined logged out successfully."}
{"level":"warn","message":"Failed login attempt for identifier: admin"}
{"level":"warn","message":"Failed login attempt for identifier: admin"}
{"level":"info","message":"User admin logged in successfully as admin."}
{"level":"info","message":"User undefined logged out successfully."}
{"level":"warn","message":"Failed login attempt for identifier: admin"}
{"level":"info","message":"User admin logged in successfully as admin."}
{"level":"info","message":"User undefined logged out successfully."}
{"level":"info","message":"User admin logged in successfully as admin."}
{"level":"info","message":"User admin logged in successfully as admin."}
{"level":"info","message":"User admin logged in successfully as admin."}
{"level":"info","message":"User admin logged in successfully as admin."}
{"level":"info","message":"User admin logged in successfully as admin."}
{"level":"info","message":"User admin logged in successfully as admin."}
{"level":"info","message":"Attempting to reset password for staffId: 6952855ee57abc7e4d848fdc"}
{"level":"info","message":"Created missing user account for staff HTTP Test Staff during password reset"}
{"level":"info","message":"Attempting to reset password for staffId: 69274dac31391a9429c31dc0"}
{"level":"info","message":"Created missing user account for staff Priti Singh during password reset"}
{"level":"info","message":"User undefined logged out successfully."}
{"level":"warn","message":"Failed login attempt for identifier: pritishing@gmail.com"}
{"level":"info","message":"User admin logged in successfully as admin."}
{"level":"info","message":"User undefined logged out successfully."}
{"level":"info","message":"User pritisingh@gmail.com logged in successfully as staff."}
{"level":"info","message":"User undefined logged out successfully."}
{"level":"info","message":"User admin logged in successfully as admin."}
{"level":"info","message":"User undefined logged out successfully."}
{"level":"warn","message":"Failed login attempt for identifier: pritisingh@gmail.com"}
{"level":"info","message":"User pritisingh@gmail.com logged in successfully as staff."}
{"level":"info","message":"User undefined logged out successfully."}
{"level":"info","message":"User admin logged in successfully as admin."}
{"level":"info","message":"User admin logged in successfully as admin."}
{"level":"info","message":"User admin logged in successfully as admin."}
{"level":"info","message":"User admin logged in successfully as admin."}
{"level":"info","message":"User undefined logged out successfully."}
{"level":"info","message":"User pritisingh@gmail.com logged in successfully as staff."}
{"level":"info","message":"User admin logged in successfully as admin."}
{"level":"info","message":"User pritisingh@gmail.com logged in successfully as staff."}
{"level":"info","message":"User admin logged in successfully as admin."}
{"level":"info","message":"User admin logged in successfully as admin."}
{"level":"info","message":"Create Notice Request. Session ID: KCC7tfYhCGLTwKlRP0ANY9GEkc7QKXWG"}
{"level":"info","message":"User from session: {\"id\":\"69283ab334d3ace4cb5820b8\",\"name\":\"admin\",\"role\":\"admin\"}"}
{"level":"info","message":"Create Notice Request. Session ID: KCC7tfYhCGLTwKlRP0ANY9GEkc7QKXWG"}
{"level":"info","message":"User from session: {\"id\":\"69283ab334d3ace4cb5820b8\",\"name\":\"admin\",\"role\":\"admin\"}"}
{"level":"warn","message":"Admin access denied. Session: true, User: true, Role: staff"}
{"level":"info","message":"User undefined logged out successfully."}
{"level":"info","message":"User admin logged in successfully as admin."}
{"level":"info","message":"User undefined logged out successfully."}
{"level":"info","message":"User pritisingh@gmail.com logged in successfully as staff."}
{"level":"warn","message":"Admin access denied. Session: true, User: true, Role: staff"}
{"level":"warn","message":"Admin access denied. Session: true, User: true, Role: staff"}
{"level":"info","message":"User undefined logged out successfully."}
{"level":"info","message":"User admin logged in successfully as admin."}
{"level":"info","message":"User pritisingh@gmail.com logged in successfully as staff."}
{"level":"warn","message":"Admin access denied. Session: true, User: true, Role: staff"}
{"level":"warn","message":"Admin access denied. Session: true, User: true, Role: staff"}
{"level":"info","message":"User undefined logged out successfully."}
{"level":"info","message":"User admin logged in successfully as admin."}
{"level":"info","message":"Create Notice Request. Session ID: bif1Yy5j5jOEMOe6oU8ZtK0rCCBir0v7"}
{"level":"info","message":"User from session: {\"id\":\"69283ab334d3ace4cb5820b8\",\"name\":\"admin\",\"role\":\"admin\"}"}
{"level":"info","message":"User pritisingh@gmail.com logged in successfully as staff."}
{"level":"info","message":"User pritisingh@gmail.com logged in successfully as staff."}
{"level":"info","message":"User undefined logged out successfully."}
{"level":"info","message":"User admin logged in successfully as admin."}
{"level":"info","message":"Create Notice Request. Session ID: XC2BVPMScNjExgG2yuEYhfL_dFFO6-V1"}
{"level":"info","message":"User from session: {\"id\":\"69283ab334d3ace4cb5820b8\",\"name\":\"admin\",\"role\":\"admin\"}"}
{"level":"info","message":"Create Notice Request. Session ID: XC2BVPMScNjExgG2yuEYhfL_dFFO6-V1"}
{"level":"info","message":"User from session: {\"id\":\"69283ab334d3ace4cb5820b8\",\"name\":\"admin\",\"role\":\"admin\"}"}
{"level":"info","message":"Create Notice Request. Session ID: XC2BVPMScNjExgG2yuEYhfL_dFFO6-V1"}
{"level":"info","message":"User from session: {\"id\":\"69283ab334d3ace4cb5820b8\",\"name\":\"admin\",\"role\":\"admin\"}"}
{"level":"info","message":"Create Notice Request. Session ID: XC2BVPMScNjExgG2yuEYhfL_dFFO6-V1"}
{"level":"info","message":"User from session: {\"id\":\"69283ab334d3ace4cb5820b8\",\"name\":\"admin\",\"role\":\"admin\"}"}
{"level":"info","message":"Create Notice Request. Session ID: XC2BVPMScNjExgG2yuEYhfL_dFFO6-V1"}
{"level":"info","message":"User from session: {\"id\":\"69283ab334d3ace4cb5820b8\",\"name\":\"admin\",\"role\":\"admin\"}"}
{"level":"info","message":"User undefined logged out successfully."}
{"level":"info","message":"User pritisingh@gmail.com logged in successfully as staff."}
{"level":"info","message":"User undefined logged out successfully."}
{"level":"info","message":"User pritisingh@gmail.com logged in successfully as staff."}
{"level":"info","message":"User undefined logged out successfully."}
{"level":"info","message":"User admin logged in successfully as admin."}
{"level":"info","message":"User undefined logged out successfully."}
{"level":"info","message":"User pritisingh@gmail.com logged in successfully as staff."}
{"level":"info","message":"User staff@example.com logged in successfully as staff."}
{"code":11000,"errorLabelSet":{},"errorResponse":{"code":11000,"message":"E11000 duplicate key error collection: test.studentattendances index: student_id_1_attendance_date_1 dup key: { student_id: ObjectId('691a9d2b7e6d21af2c03c70b'), attendance_date: null }","writeErrors":[{"code":11000,"errmsg":"E11000 duplicate key error collection: test.studentattendances index: student_id_1_attendance_date_1 dup key: { student_id: ObjectId('691a9d2b7e6d21af2c03c70b'), attendance_date: null }","index":0,"op":{"q":{"date":"2025-12-30T00:00:00.000Z","student_id":"691a9d2b7e6d21af2c03c70b"},"u":{"$set":{"class":"10th","marked_by":"6952857d2900413a22d915ea","status":"Present","updatedAt":"2025-12-30T13:48:16.418Z"},"$setOnInsert":{"__v":0,"createdAt":"2025-12-30T13:48:16.418Z"}},"upsert":true}}]},"level":"error","message":"Error saving attendance: E11000 duplicate key error collection: test.studentattendances index: student_id_1_attendance_date_1 dup key: { student_id: ObjectId('691a9d2b7e6d21af2c03c70b'), attendance_date: null }","result":{"deletedCount":0,"insertedCount":0,"insertedIds":{},"matchedCount":0,"modifiedCount":0,"upsertedCount":0,"upsertedIds":{}},"stack":"MongoBulkWriteError: E11000 duplicate key error collection: test.studentattendances index: student_id_1_attendance_date_1 dup key: { student_id: ObjectId('691a9d2b7e6d21af2c03c70b'), attendance_date: null }\n    at OrderedBulkOperation.handleWriteError (C:\\MERN_FINAL_PROJECT\\school-management-system\\node_modules\\mongodb\\lib\\bulk\\common.js:804:19)\n    at executeCommands (C:\\MERN_FINAL_PROJECT\\school-management-system\\node_modules\\mongodb\\lib\\bulk\\common.js:346:23)\n    at process.processTicksAndRejections (node:internal/process/task_queues:105:5)\n    at async C:\\MERN_FINAL_PROJECT\\school-management-system\\node_modules\\mongodb\\lib\\bulk\\common.js:790:24\n    at async MongoClient.withSession (C:\\MERN_FINAL_PROJECT\\school-management-system\\node_modules\\mongodb\\lib\\mongo_client.js:477:20)\n    at async OrderedBulkOperation.execute (C:\\MERN_FINAL_PROJECT\\school-management-system\\node_modules\\mongodb\\lib\\bulk\\common.js:789:20)\n    at async Collection.bulkWrite (C:\\MERN_FINAL_PROJECT\\school-management-system\\node_modules\\mongodb\\lib\\collection.js:224:16)\n    at async Function.bulkWrite (C:\\MERN_FINAL_PROJECT\\school-management-system\\node_modules\\mongoose\\lib\\model.js:3443:13)\n    at async saveAttendance (C:\\MERN_FINAL_PROJECT\\school-management-system\\backend\\controllers\\attendanceController.js:45:9)","writeErrors":[{"code":11000,"errmsg":"E11000 duplicate key error collection: test.studentattendances index: student_id_1_attendance_date_1 dup key: { student_id: ObjectId('691a9d2b7e6d21af2c03c70b'), attendance_date: null }","index":0,"op":{"q":{"date":"2025-12-30T00:00:00.000Z","student_id":"691a9d2b7e6d21af2c03c70b"},"u":{"$set":{"class":"10th","marked_by":"6952857d2900413a22d915ea","status":"Present","updatedAt":"2025-12-30T13:48:16.418Z"},"$setOnInsert":{"__v":0,"createdAt":"2025-12-30T13:48:16.418Z"}},"upsert":true}}]}
{"level":"info","message":"User admin logged in successfully as admin."}
{"level":"info","message":"User admin logged in successfully as admin."}
{"level":"info","message":"User admin logged in successfully as admin."}
{"level":"info","message":"User undefined logged out successfully."}
{"level":"info","message":"User 1204 logged in successfully as student."}
{"level":"info","message":"User undefined logged out successfully."}
{"level":"info","message":"User admin logged in successfully as admin."}
{"level":"info","message":"User admin logged in successfully as admin."}
{"level":"info","message":"User undefined logged out successfully."}
{"level":"info","message":"User admin logged in successfully as admin."}
{"level":"info","message":"User pritisingh@gmail.com logged in successfully as staff."}
{"level":"info","message":"User pritisingh@gmail.com logged in successfully as staff."}
{"code":11000,"errorLabelSet":{},"errorResponse":{"code":11000,"message":"E11000 duplicate key error collection: test.studentattendances index: student_id_1_attendance_date_1 dup key: { student_id: ObjectId('691a9d2b7e6d21af2c03c70b'), attendance_date: null }","writeErrors":[{"code":11000,"errmsg":"E11000 duplicate key error collection: test.studentattendances index: student_id_1_attendance_date_1 dup key: { student_id: ObjectId('691a9d2b7e6d21af2c03c70b'), attendance_date: null }","index":0,"op":{"q":{"date":"2026-01-09T00:00:00.000Z","student_id":"691a9d2b7e6d21af2c03c70b"},"u":{"$set":{"class":"10th","marked_by":"6952857d2900413a22d915ea","status":"Present","updatedAt":"2026-01-09T12:55:28.732Z"},"$setOnInsert":{"__v":0,"createdAt":"2026-01-09T12:55:28.732Z"}},"upsert":true}}]},"level":"error","message":"Error saving attendance: E11000 duplicate key error collection: test.studentattendances index: student_id_1_attendance_date_1 dup key: { student_id: ObjectId('691a9d2b7e6d21af2c03c70b'), attendance_date: null }","result":{"deletedCount":0,"insertedCount":0,"insertedIds":{},"matchedCount":0,"modifiedCount":0,"upsertedCount":0,"upsertedIds":{}},"stack":"MongoBulkWriteError: E11000 duplicate key error collection: test.studentattendances index: student_id_1_attendance_date_1 dup key: { student_id: ObjectId('691a9d2b7e6d21af2c03c70b'), attendance_date: null }\n    at OrderedBulkOperation.handleWriteError (C:\\MERN_FINAL_PROJECT\\school-management-system\\node_modules\\mongodb\\lib\\bulk\\common.js:804:19)\n    at executeCommands (C:\\MERN_FINAL_PROJECT\\school-management-system\\node_modules\\mongodb\\lib\\bulk\\common.js:346:23)\n    at process.processTicksAndRejections (node:internal/process/task_queues:105:5)\n    at async C:\\MERN_FINAL_PROJECT\\school-management-system\\node_modules\\mongodb\\lib\\bulk\\common.js:790:24\n    at async MongoClient.withSession (C:\\MERN_FINAL_PROJECT\\school-management-system\\node_modules\\mongodb\\lib\\mongo_client.js:477:20)\n    at async OrderedBulkOperation.execute (C:\\MERN_FINAL_PROJECT\\school-management-system\\node_modules\\mongodb\\lib\\bulk\\common.js:789:20)\n    at async Collection.bulkWrite (C:\\MERN_FINAL_PROJECT\\school-management-system\\node_modules\\mongodb\\lib\\collection.js:224:16)\n    at async Function.bulkWrite (C:\\MERN_FINAL_PROJECT\\school-management-system\\node_modules\\mongoose\\lib\\model.js:3443:13)\n    at async saveAttendance (C:\\MERN_FINAL_PROJECT\\school-management-system\\backend\\controllers\\attendanceController.js:45:9)","writeErrors":[{"code":11000,"errmsg":"E11000 duplicate key error collection: test.studentattendances index: student_id_1_attendance_date_1 dup key: { student_id: ObjectId('691a9d2b7e6d21af2c03c70b'), attendance_date: null }","index":0,"op":{"q":{"date":"2026-01-09T00:00:00.000Z","student_id":"691a9d2b7e6d21af2c03c70b"},"u":{"$set":{"class":"10th","marked_by":"6952857d2900413a22d915ea","status":"Present","updatedAt":"2026-01-09T12:55:28.732Z"},"$setOnInsert":{"__v":0,"createdAt":"2026-01-09T12:55:28.732Z"}},"upsert":true}}]}
{"level":"info","message":"User staff_test@example.com logged in successfully as staff."}
{"level":"info","message":"User staff_test@example.com logged in successfully as staff."}
{"code":11000,"errorLabelSet":{},"errorResponse":{"code":11000,"message":"E11000 duplicate key error collection: test.studentattendances index: student_id_1_attendance_date_1 dup key: { student_id: ObjectId('691a9d2b7e6d21af2c03c70b'), attendance_date: null }","writeErrors":[{"code":11000,"errmsg":"E11000 duplicate key error collection: test.studentattendances index: student_id_1_attendance_date_1 dup key: { student_id: ObjectId('691a9d2b7e6d21af2c03c70b'), attendance_date: null }","index":0,"op":{"q":{"date":"2026-01-09T00:00:00.000Z","student_id":"691a9d2b7e6d21af2c03c70b"},"u":{"$set":{"class":"10th","marked_by":"6952857d2900413a22d915ea","status":"Present","updatedAt":"2026-01-09T13:17:26.682Z"},"$setOnInsert":{"__v":0,"createdAt":"2026-01-09T13:17:26.682Z"}},"upsert":true}}]},"level":"error","message":"Error saving attendance: E11000 duplicate key error collection: test.studentattendances index: student_id_1_attendance_date_1 dup key: { student_id: ObjectId('691a9d2b7e6d21af2c03c70b'), attendance_date: null }","result":{"deletedCount":0,"insertedCount":0,"insertedIds":{},"matchedCount":0,"modifiedCount":0,"upsertedCount":0,"upsertedIds":{}},"stack":"MongoBulkWriteError: E11000 duplicate key error collection: test.studentattendances index: student_id_1_attendance_date_1 dup key: { student_id: ObjectId('691a9d2b7e6d21af2c03c70b'), attendance_date: null }\n    at OrderedBulkOperation.handleWriteError (C:\\MERN_FINAL_PROJECT\\school-management-system\\node_modules\\mongodb\\lib\\bulk\\common.js:804:19)\n    at executeCommands (C:\\MERN_FINAL_PROJECT\\school-management-system\\node_modules\\mongodb\\lib\\bulk\\common.js:346:23)\n    at process.processTicksAndRejections (node:internal/process/task_queues:105:5)\n    at async C:\\MERN_FINAL_PROJECT\\school-management-system\\node_modules\\mongodb\\lib\\bulk\\common.js:790:24\n    at async MongoClient.withSession (C:\\MERN_FINAL_PROJECT\\school-management-system\\node_modules\\mongodb\\lib\\mongo_client.js:477:20)\n    at async OrderedBulkOperation.execute (C:\\MERN_FINAL_PROJECT\\school-management-system\\node_modules\\mongodb\\lib\\bulk\\common.js:789:20)\n    at async Collection.bulkWrite (C:\\MERN_FINAL_PROJECT\\school-management-system\\node_modules\\mongodb\\lib\\collection.js:224:16)\n    at async Function.bulkWrite (C:\\MERN_FINAL_PROJECT\\school-management-system\\node_modules\\mongoose\\lib\\model.js:3443:13)\n    at async saveAttendance (C:\\MERN_FINAL_PROJECT\\school-management-system\\backend\\controllers\\attendanceController.js:45:9)","writeErrors":[{"code":11000,"errmsg":"E11000 duplicate key error collection: test.studentattendances index: student_id_1_attendance_date_1 dup key: { student_id: ObjectId('691a9d2b7e6d21af2c03c70b'), attendance_date: null }","index":0,"op":{"q":{"date":"2026-01-09T00:00:00.000Z","student_id":"691a9d2b7e6d21af2c03c70b"},"u":{"$set":{"class":"10th","marked_by":"6952857d2900413a22d915ea","status":"Present","updatedAt":"2026-01-09T13:17:26.682Z"},"$setOnInsert":{"__v":0,"createdAt":"2026-01-09T13:17:26.682Z"}},"upsert":true}}]}
{"code":11000,"errorLabelSet":{},"errorResponse":{"code":11000,"message":"E11000 duplicate key error collection: test.studentattendances index: student_id_1_attendance_date_1 dup key: { student_id: ObjectId('691a9d2b7e6d21af2c03c70b'), attendance_date: null }","writeErrors":[{"code":11000,"errmsg":"E11000 duplicate key error collection: test.studentattendances index: student_id_1_attendance_date_1 dup key: { student_id: ObjectId('691a9d2b7e6d21af2c03c70b'), attendance_date: null }","index":0,"op":{"q":{"date":"2026-01-09T00:00:00.000Z","student_id":"691a9d2b7e6d21af2c03c70b"},"u":{"$set":{"class":"10th","marked_by":"69274dac31391a9429c31dc0","status":"Present","updatedAt":"2026-01-09T13:22:34.399Z"},"$setOnInsert":{"__v":0,"createdAt":"2026-01-09T13:22:34.399Z"}},"upsert":true}}]},"level":"error","message":"Error saving attendance: E11000 duplicate key error collection: test.studentattendances index: student_id_1_attendance_date_1 dup key: { student_id: ObjectId('691a9d2b7e6d21af2c03c70b'), attendance_date: null }","result":{"deletedCount":0,"insertedCount":0,"insertedIds":{},"matchedCount":0,"modifiedCount":0,"upsertedCount":0,"upsertedIds":{}},"stack":"MongoBulkWriteError: E11000 duplicate key error collection: test.studentattendances index: student_id_1_attendance_date_1 dup key: { student_id: ObjectId('691a9d2b7e6d21af2c03c70b'), attendance_date: null }\n    at OrderedBulkOperation.handleWriteError (C:\\MERN_FINAL_PROJECT\\school-management-system\\node_modules\\mongodb\\lib\\bulk\\common.js:804:19)\n    at executeCommands (C:\\MERN_FINAL_PROJECT\\school-management-system\\node_modules\\mongodb\\lib\\bulk\\common.js:346:23)\n    at process.processTicksAndRejections (node:internal/process/task_queues:105:5)\n    at async C:\\MERN_FINAL_PROJECT\\school-management-system\\node_modules\\mongodb\\lib\\bulk\\common.js:790:24\n    at async MongoClient.withSession (C:\\MERN_FINAL_PROJECT\\school-management-system\\node_modules\\mongodb\\lib\\mongo_client.js:477:20)\n    at async OrderedBulkOperation.execute (C:\\MERN_FINAL_PROJECT\\school-management-system\\node_modules\\mongodb\\lib\\bulk\\common.js:789:20)\n    at async Collection.bulkWrite (C:\\MERN_FINAL_PROJECT\\school-management-system\\node_modules\\mongodb\\lib\\collection.js:224:16)\n    at async Function.bulkWrite (C:\\MERN_FINAL_PROJECT\\school-management-system\\node_modules\\mongoose\\lib\\model.js:3443:13)\n    at async saveAttendance (C:\\MERN_FINAL_PROJECT\\school-management-system\\backend\\controllers\\attendanceController.js:51:13)","writeErrors":[{"code":11000,"errmsg":"E11000 duplicate key error collection: test.studentattendances index: student_id_1_attendance_date_1 dup key: { student_id: ObjectId('691a9d2b7e6d21af2c03c70b'), attendance_date: null }","index":0,"op":{"q":{"date":"2026-01-09T00:00:00.000Z","student_id":"691a9d2b7e6d21af2c03c70b"},"u":{"$set":{"class":"10th","marked_by":"69274dac31391a9429c31dc0","status":"Present","updatedAt":"2026-01-09T13:22:34.399Z"},"$setOnInsert":{"__v":0,"createdAt":"2026-01-09T13:22:34.399Z"}},"upsert":true}}]}
{"code":11000,"errorLabelSet":{},"errorResponse":{"code":11000,"message":"E11000 duplicate key error collection: test.studentattendances index: student_id_1_attendance_date_1 dup key: { student_id: ObjectId('691a9d2b7e6d21af2c03c70b'), attendance_date: null }","writeErrors":[{"code":11000,"errmsg":"E11000 duplicate key error collection: test.studentattendances index: student_id_1_attendance_date_1 dup key: { student_id: ObjectId('691a9d2b7e6d21af2c03c70b'), attendance_date: null }","index":0,"op":{"q":{"date":"2026-01-09T00:00:00.000Z","student_id":"691a9d2b7e6d21af2c03c70b"},"u":{"$set":{"class":"10th","marked_by":"69274dac31391a9429c31dc0","status":"Present","updatedAt":"2026-01-09T13:22:43.950Z"},"$setOnInsert":{"__v":0,"createdAt":"2026-01-09T13:22:43.950Z"}},"upsert":true}}]},"level":"error","message":"Error saving attendance: E11000 duplicate key error collection: test.studentattendances index: student_id_1_attendance_date_1 dup key: { student_id: ObjectId('691a9d2b7e6d21af2c03c70b'), attendance_date: null }","result":{"deletedCount":0,"insertedCount":0,"insertedIds":{},"matchedCount":0,"modifiedCount":0,"upsertedCount":0,"upsertedIds":{}},"stack":"MongoBulkWriteError: E11000 duplicate key error collection: test.studentattendances index: student_id_1_attendance_date_1 dup key: { student_id: ObjectId('691a9d2b7e6d21af2c03c70b'), attendance_date: null }\n    at OrderedBulkOperation.handleWriteError (C:\\MERN_FINAL_PROJECT\\school-management-system\\node_modules\\mongodb\\lib\\bulk\\common.js:804:19)\n    at executeCommands (C:\\MERN_FINAL_PROJECT\\school-management-system\\node_modules\\mongodb\\lib\\bulk\\common.js:346:23)\n    at process.processTicksAndRejections (node:internal/process/task_queues:105:5)\n    at async C:\\MERN_FINAL_PROJECT\\school-management-system\\node_modules\\mongodb\\lib\\bulk\\common.js:790:24\n    at async MongoClient.withSession (C:\\MERN_FINAL_PROJECT\\school-management-system\\node_modules\\mongodb\\lib\\mongo_client.js:477:20)\n    at async OrderedBulkOperation.execute (C:\\MERN_FINAL_PROJECT\\school-management-system\\node_modules\\mongodb\\lib\\bulk\\common.js:789:20)\n    at async Collection.bulkWrite (C:\\MERN_FINAL_PROJECT\\school-management-system\\node_modules\\mongodb\\lib\\collection.js:224:16)\n    at async Function.bulkWrite (C:\\MERN_FINAL_PROJECT\\school-management-system\\node_modules\\mongoose\\lib\\model.js:3443:13)\n    at async saveAttendance (C:\\MERN_FINAL_PROJECT\\school-management-system\\backend\\controllers\\attendanceController.js:51:13)","writeErrors":[{"code":11000,"errmsg":"E11000 duplicate key error collection: test.studentattendances index: student_id_1_attendance_date_1 dup key: { student_id: ObjectId('691a9d2b7e6d21af2c03c70b'), attendance_date: null }","index":0,"op":{"q":{"date":"2026-01-09T00:00:00.000Z","student_id":"691a9d2b7e6d21af2c03c70b"},"u":{"$set":{"class":"10th","marked_by":"69274dac31391a9429c31dc0","status":"Present","updatedAt":"2026-01-09T13:22:43.950Z"},"$setOnInsert":{"__v":0,"createdAt":"2026-01-09T13:22:43.950Z"}},"upsert":true}}]}
{"code":11000,"errorLabelSet":{},"errorResponse":{"code":11000,"message":"E11000 duplicate key error collection: test.studentattendances index: student_id_1_attendance_date_1 dup key: { student_id: ObjectId('691a9d2b7e6d21af2c03c70b'), attendance_date: null }","writeErrors":[{"code":11000,"errmsg":"E11000 duplicate key error collection: test.studentattendances index: student_id_1_attendance_date_1 dup key: { student_id: ObjectId('691a9d2b7e6d21af2c03c70b'), attendance_date: null }","index":0,"op":{"q":{"date":"2026-01-09T00:00:00.000Z","student_id":"691a9d2b7e6d21af2c03c70b"},"u":{"$set":{"class":"10th","marked_by":"69274dac31391a9429c31dc0","status":"Present","updatedAt":"2026-01-09T13:23:25.812Z"},"$setOnInsert":{"__v":0,"createdAt":"2026-01-09T13:23:25.812Z"}},"upsert":true}}]},"level":"error","message":"Error saving attendance: E11000 duplicate key error collection: test.studentattendances index: student_id_1_attendance_date_1 dup key: { student_id: ObjectId('691a9d2b7e6d21af2c03c70b'), attendance_date: null }","result":{"deletedCount":0,"insertedCount":0,"insertedIds":{},"matchedCount":0,"modifiedCount":0,"upsertedCount":0,"upsertedIds":{}},"stack":"MongoBulkWriteError: E11000 duplicate key error collection: test.studentattendances index: student_id_1_attendance_date_1 dup key: { student_id: ObjectId('691a9d2b7e6d21af2c03c70b'), attendance_date: null }\n    at OrderedBulkOperation.handleWriteError (C:\\MERN_FINAL_PROJECT\\school-management-system\\node_modules\\mongodb\\lib\\bulk\\common.js:804:19)\n    at executeCommands (C:\\MERN_FINAL_PROJECT\\school-management-system\\node_modules\\mongodb\\lib\\bulk\\common.js:346:23)\n    at process.processTicksAndRejections (node:internal/process/task_queues:105:5)\n    at async C:\\MERN_FINAL_PROJECT\\school-management-system\\node_modules\\mongodb\\lib\\bulk\\common.js:790:24\n    at async MongoClient.withSession (C:\\MERN_FINAL_PROJECT\\school-management-system\\node_modules\\mongodb\\lib\\mongo_client.js:477:20)\n    at async OrderedBulkOperation.execute (C:\\MERN_FINAL_PROJECT\\school-management-system\\node_modules\\mongodb\\lib\\bulk\\common.js:789:20)\n    at async Collection.bulkWrite (C:\\MERN_FINAL_PROJECT\\school-management-system\\node_modules\\mongodb\\lib\\collection.js:224:16)\n    at async Function.bulkWrite (C:\\MERN_FINAL_PROJECT\\school-management-system\\node_modules\\mongoose\\lib\\model.js:3443:13)\n    at async saveAttendance (C:\\MERN_FINAL_PROJECT\\school-management-system\\backend\\controllers\\attendanceController.js:51:13)","writeErrors":[{"code":11000,"errmsg":"E11000 duplicate key error collection: test.studentattendances index: student_id_1_attendance_date_1 dup key: { student_id: ObjectId('691a9d2b7e6d21af2c03c70b'), attendance_date: null }","index":0,"op":{"q":{"date":"2026-01-09T00:00:00.000Z","student_id":"691a9d2b7e6d21af2c03c70b"},"u":{"$set":{"class":"10th","marked_by":"69274dac31391a9429c31dc0","status":"Present","updatedAt":"2026-01-09T13:23:25.812Z"},"$setOnInsert":{"__v":0,"createdAt":"2026-01-09T13:23:25.812Z"}},"upsert":true}}]}
{"level":"info","message":"User undefined logged out successfully."}
{"level":"info","message":"User pritisingh@gmail.com logged in successfully as staff."}
{"level":"info","message":"User undefined logged out successfully."}
{"level":"warn","message":"Failed login attempt for identifier: admin"}
{"level":"info","message":"User admin logged in successfully as admin."}
{"level":"info","message":"User undefined logged out successfully."}
{"level":"info","message":"User 12042 logged in successfully as student."}
{"level":"warn","message":"Failed login attempt for identifier: admin"}
{"level":"info","message":"User admin logged in successfully as admin."}
{"level":"info","message":"User undefined logged out successfully."}
{"level":"warn","message":"Failed login attempt for identifier: 12042"}
{"level":"warn","message":"Failed login attempt for identifier: 12042"}
{"level":"warn","message":"Failed login attempt for identifier: 12042"}
{"level":"warn","message":"Failed login attempt for identifier: 12042"}
{"level":"warn","message":"Failed login attempt for identifier: 12042"}
{"level":"info","message":"User admin logged in successfully as admin."}
{"level":"info","message":"User undefined logged out successfully."}
{"level":"warn","message":"Failed login attempt for identifier: 12042"}
{"level":"warn","message":"Failed login attempt for identifier: 12042"}
{"level":"info","message":"User 1204 logged in successfully as student."}
{"level":"info","message":"User undefined logged out successfully."}
{"level":"info","message":"User admin logged in successfully as admin."}
{"level":"info","message":"User undefined logged out successfully."}
{"level":"info","message":"User 12042 logged in successfully as student."}
{"level":"info","message":"User undefined logged out successfully."}
{"level":"info","message":"User pritisingh@gmail.com logged in successfully as staff."}
{"level":"info","message":"User undefined logged out successfully."}
{"level":"info","message":"User 12042 logged in successfully as student."}
{"level":"info","message":"User ATT_TEST_001 logged in successfully as student."}
{"level":"info","message":"User ATT_TEST_001 logged in successfully as student."}
{"level":"info","message":"Fetching attendance for student: 697b398695963abd19f22656, Month: 2026-01"}
{"level":"info","message":"Date Range: 2026-01-01T00:00:00.000Z to 2026-01-31T23:59:59.999Z"}
{"level":"info","message":"Found 1 records."}
{"level":"info","message":"Fetching attendance for student: 691a9d2b7e6d21af2c03c70b, Month: 2026-01"}
{"level":"info","message":"Date Range: 2026-01-01T00:00:00.000Z to 2026-01-31T23:59:59.999Z"}
{"level":"info","message":"Found 4 records."}
{"level":"info","message":"Fetching attendance for student: 691a9d2b7e6d21af2c03c70b, Month: 2026-01"}
{"level":"info","message":"Date Range: 2026-01-01T00:00:00.000Z to 2026-01-31T23:59:59.999Z"}
{"level":"info","message":"Found 4 records."}
{"level":"info","message":"Fetching attendance for student: 691a9d2b7e6d21af2c03c70b, Month: 2026-02"}
{"level":"info","message":"Date Range: 2026-02-01T00:00:00.000Z to 2026-02-28T23:59:59.999Z"}
{"level":"info","message":"Found 0 records."}
{"level":"info","message":"Fetching attendance for student: 691a9d2b7e6d21af2c03c70b, Month: 2026-06"}
{"level":"info","message":"Date Range: 2026-06-01T00:00:00.000Z to 2026-06-30T23:59:59.999Z"}
{"level":"info","message":"Found 0 records."}
{"level":"info","message":"Fetching attendance for student: 691a9d2b7e6d21af2c03c70b, Month: 2026-07"}
{"level":"info","message":"Date Range: 2026-07-01T00:00:00.000Z to 2026-07-31T23:59:59.999Z"}
{"level":"info","message":"Found 0 records."}
{"level":"info","message":"Fetching attendance for student: 691a9d2b7e6d21af2c03c70b, Month: 2026-01"}
{"level":"info","message":"Date Range: 2026-01-01T00:00:00.000Z to 2026-01-31T23:59:59.999Z"}
{"level":"info","message":"Found 4 records."}
{"level":"info","message":"User undefined logged out successfully."}
{"level":"info","message":"User admin logged in successfully as admin."}
{"level":"info","message":"User undefined logged out successfully."}
{"level":"info","message":"User 12042 logged in successfully as student."}
